<?xml version="1.0" encoding="UTF-8"?>
<testng-results ignored="0" total="2" passed="2" failed="0" skipped="0">
  <reporter-output>
  </reporter-output>
  <suite started-at="2026-03-31T15:20:52 GMT+07:00" name="Surefire suite" finished-at="2026-03-31T15:20:59 GMT+07:00" duration-ms="6566">
    <groups>
    </groups>
    <test started-at="2026-03-31T15:20:52 GMT+07:00" name="Surefire test" finished-at="2026-03-31T15:20:59 GMT+07:00" duration-ms="6566">
      <class name="org.example.tests.LoginTest">
        <test-method is-config="true" signature="setup()[pri:0, instance:org.example.tests.LoginTest@3d36e4cd]" started-at="2026-03-31T15:20:55 GMT+07:00" name="setup" finished-at="2026-03-31T15:20:59 GMT+07:00" duration-ms="3720" status="PASS">
          <reporter-output>
          </reporter-output>
        </test-method> <!-- setup -->
        <test-method signature="testLoginSuccess()[pri:0, instance:org.example.tests.LoginTest@3d36e4cd]" started-at="2026-03-31T15:20:59 GMT+07:00" name="testLoginSuccess" finished-at="2026-03-31T15:20:59 GMT+07:00" duration-ms="198" status="PASS">
          <reporter-output>
          </reporter-output>
        </test-method> <!-- testLoginSuccess -->
        <test-method is-config="true" signature="tearDown()[pri:0, instance:org.example.tests.LoginTest@3d36e4cd]" started-at="2026-03-31T15:20:59 GMT+07:00" name="tearDown" finished-at="2026-03-31T15:20:59 GMT+07:00" duration-ms="82" status="PASS">
          <reporter-output>
          </reporter-output>
        </test-method> <!-- tearDown -->
      </class> <!-- org.example.tests.LoginTest -->
      <class name="org.example.tests.ExampleComTest">
        <test-method signature="exampleDotCom_titleContainsExampleDomain()[pri:0, instance:org.example.tests.ExampleComTest@221af3c0]" started-at="2026-03-31T15:20:52 GMT+07:00" name="exampleDotCom_titleContainsExampleDomain" finished-at="2026-03-31T15:20:55 GMT+07:00" duration-ms="2536" status="PASS">
          <reporter-output>
          </reporter-output>
        </test-method> <!-- exampleDotCom_titleContainsExampleDomain -->
      </class> <!-- org.example.tests.ExampleComTest -->
    </test> <!-- Surefire test -->
  </suite> <!-- Surefire suite -->
</testng-results>
