<?xml version="1.0" encoding="UTF-8"?>
<!-- Generated by org.testng.reporters.JUnitXMLReporter -->
<testsuite ignored="1" hostname="DESKTOP-9FMPRLD" failures="0" tests="2" name="Surefire test" time="6.566" errors="0" timestamp="2026-03-31T15:20:59 GMT+07:00">
  <testcase classname="org.example.tests.ExampleComTest" name="exampleDotCom_titleContainsExampleDomain" time="2.536"/>
  <testcase classname="org.example.tests.LoginTest" name="testLoginSuccess" time="0.198"/>
  <testcase classname="org.example.tests.GoogleSearchTest" name="searchSelenium_onGoogle_shouldReturnResults" time="0.0">
    <ignored/>
  </testcase> <!-- searchSelenium_onGoogle_shouldReturnResults -->
</testsuite> <!-- Surefire test -->
